e:\myproject\simplemvc\simplemvc\debug\main.obj
e:\myproject\simplemvc\simplemvc\debug\vc100.pdb
e:\myproject\simplemvc\debug\simplemvc.ilk
e:\myproject\simplemvc\debug\simplemvc.exe
e:\myproject\simplemvc\simplemvc\debug\simplemvc.exe.intermediate.manifest
e:\myproject\simplemvc\debug\simplemvc.pdb
e:\myproject\simplemvc\simplemvc\debug\simplemvc.exe.embed.manifest
e:\myproject\simplemvc\simplemvc\debug\simplemvc.exe.embed.manifest.res
d:\users\yying\onedrive\oop\simplemvc\simplemvc\debug\vc120.pdb
d:\users\yying\onedrive\oop\simplemvc\simplemvc\debug\vc120.idb
d:\users\yying\onedrive\oop\simplemvc\simplemvc\debug\main.obj
d:\users\yying\onedrive\oop\simplemvc\simplemvc\debug\cl.command.1.tlog
d:\users\yying\onedrive\oop\simplemvc\simplemvc\debug\cl.read.1.tlog
d:\users\yying\onedrive\oop\simplemvc\simplemvc\debug\cl.write.1.tlog
d:\users\yying\onedrive\oop\simplemvc\simplemvc\debug\link-cvtres.read.1.tlog
d:\users\yying\onedrive\oop\simplemvc\simplemvc\debug\link-cvtres.write.1.tlog
d:\users\yying\onedrive\oop\simplemvc\simplemvc\debug\link.1524-cvtres.read.1.tlog
d:\users\yying\onedrive\oop\simplemvc\simplemvc\debug\link.1524-cvtres.write.1.tlog
d:\users\yying\onedrive\oop\simplemvc\simplemvc\debug\link.1524.read.1.tlog
d:\users\yying\onedrive\oop\simplemvc\simplemvc\debug\link.1524.write.1.tlog
d:\users\yying\onedrive\oop\simplemvc\simplemvc\debug\link.command.1.tlog
d:\users\yying\onedrive\oop\simplemvc\simplemvc\debug\link.read.1.tlog
d:\users\yying\onedrive\oop\simplemvc\simplemvc\debug\link.write.1.tlog
d:\users\yying\onedrive\oop\simplemvc\simplemvc\debug\mt.command.1.tlog
d:\users\yying\onedrive\oop\simplemvc\simplemvc\debug\mt.read.1.tlog
d:\users\yying\onedrive\oop\simplemvc\simplemvc\debug\mt.write.1.tlog
d:\users\yying\onedrive\oop\simplemvc\simplemvc\debug\rc.command.1.tlog
d:\users\yying\onedrive\oop\simplemvc\simplemvc\debug\rc.read.1.tlog
d:\users\yying\onedrive\oop\simplemvc\simplemvc\debug\rc.write.1.tlog
d:\users\yying\onedrive\oop\simplemvc\simplemvc\debug\simplemvc.exe.embed.manifest
d:\users\yying\onedrive\oop\simplemvc\simplemvc\debug\simplemvc.exe.intermediate.manifest
d:\users\yying\onedrive\oop\simplemvc\simplemvc\debug\simplemvc.exe.embed.manifest.res
d:\users\yying\onedrive\oop\simplemvc\simplemvc\debug\vc100.idb
d:\users\yying\onedrive\oop\simplemvc\simplemvc\debug\vc100.pdb
d:\users\yying\onedrive\oop\simplemvc\simplemvc\debug\simplemvc_manifest.rc
d:\users\yying\onedrive\oop\simplemvc\debug\simplemvc.pdb
d:\users\yying\onedrive\oop\simplemvc\simplemvc\debug\simplemvc.tlog\cl.command.1.tlog
d:\users\yying\onedrive\oop\simplemvc\simplemvc\debug\simplemvc.tlog\cl.read.1.tlog
d:\users\yying\onedrive\oop\simplemvc\simplemvc\debug\simplemvc.tlog\cl.write.1.tlog
d:\users\yying\onedrive\oop\simplemvc\simplemvc\debug\simplemvc.tlog\link-cvtres.read.1.tlog
d:\users\yying\onedrive\oop\simplemvc\simplemvc\debug\simplemvc.tlog\link-cvtres.write.1.tlog
d:\users\yying\onedrive\oop\simplemvc\simplemvc\debug\simplemvc.tlog\link-rc.read.1.tlog
d:\users\yying\onedrive\oop\simplemvc\simplemvc\debug\simplemvc.tlog\link-rc.write.1.tlog
d:\users\yying\onedrive\oop\simplemvc\simplemvc\debug\simplemvc.tlog\link.command.1.tlog
d:\users\yying\onedrive\oop\simplemvc\simplemvc\debug\simplemvc.tlog\link.read.1.tlog
d:\users\yying\onedrive\oop\simplemvc\simplemvc\debug\simplemvc.tlog\link.write.1.tlog
