生成启动时间为 2015/10/17 17:42:27。
     1>项目“F:\OOP\2151002025YinYe\Third\class03\class03.vcxproj”在节点 2 上(Build 个目标)。
     1>ClCompile:
         C:\Microsoft Visual Studio 12.0\VC\bin\CL.exe /c /Zi /nologo /W3 /WX- /sdl /O2 /Oi /Oy- /GL /D WIN32 /D NDEBUG /D _CONSOLE /D _LIB /D _USING_V110_SDK71_ /D _UNICODE /D UNICODE /Gm- /EHsc /MT /GS /Gy /fp:precise /Zc:wchar_t /Zc:forScope /Yc"stdafx.h" /Fp"yying2xp\class03.pch" /Fo"yying2xp\\" /Fd"yying2xp\vc120.pdb" /Gd /TP /analyze- /errorReport:prompt stdafx.cpp
         stdafx.cpp
         C:\Microsoft Visual Studio 12.0\VC\bin\CL.exe /c /Zi /nologo /W3 /WX- /sdl /O2 /Oi /Oy- /GL /D WIN32 /D NDEBUG /D _CONSOLE /D _LIB /D _USING_V110_SDK71_ /D _UNICODE /D UNICODE /Gm- /EHsc /MT /GS /Gy /fp:precise /Zc:wchar_t /Zc:forScope /Yu"stdafx.h" /Fp"yying2xp\class03.pch" /Fo"yying2xp\\" /Fd"yying2xp\vc120.pdb" /Gd /TP /analyze- /errorReport:prompt class03.cpp
         class03.cpp
     1>class03.cpp(58): warning C4244: “=”: 从“double”转换到“float”，可能丢失数据
     1>class03.cpp(60): warning C4244: “=”: 从“double”转换到“float”，可能丢失数据
     1>class03.cpp(76): warning C4244: “=”: 从“int”转换到“float”，可能丢失数据
     1>class03.cpp(78): warning C4244: “=”: 从“double”转换到“float”，可能丢失数据
       Link:
         C:\Microsoft Visual Studio 12.0\VC\bin\link.exe /ERRORREPORT:PROMPT /OUT:"F:\OOP\2151002025YinYe\Third\yying2xp\class03.exe" /INCREMENTAL:NO /NOLOGO /MANIFEST /MANIFESTUAC:"level='asInvoker' uiAccess='false'" /manifest:embed /manifestinput:"C:\Microsoft Visual Studio 12.0\VC\Include\Manifest\dpiaware.manifest" /DEBUG /PDB:"F:\OOP\2151002025YinYe\Third\yying2xp\class03.pdb" /SUBSYSTEM:CONSOLE,"5.01" /OPT:REF /OPT:ICF /LTCG /TLBID:1 /DYNAMICBASE /NXCOMPAT /IMPLIB:"F:\OOP\2151002025YinYe\Third\yying2xp\class03.lib" /MACHINE:X86 /SAFESEH yying2xp\class03.obj
         yying2xp\stdafx.obj
         正在生成代码
         已完成代码的生成
         class03.vcxproj -> F:\OOP\2151002025YinYe\Third\yying2xp\class03.exe
     1>已完成生成项目“F:\OOP\2151002025YinYe\Third\class03\class03.vcxproj”(Build 个目标)的操作。

生成成功。

已用时间 00:00:04.73
