d:\users\yying\onedrive\oop\fifth3\fifth3\debug\fifth3.pch
d:\users\yying\onedrive\oop\fifth3\fifth3\debug\vc120.pdb
d:\users\yying\onedrive\oop\fifth3\fifth3\debug\vc120.idb
d:\users\yying\onedrive\oop\fifth3\fifth3\debug\stdafx.obj
d:\users\yying\onedrive\oop\fifth3\fifth3\debug\childview.obj
d:\users\yying\onedrive\oop\fifth3\fifth3\debug\fifth3.obj
d:\users\yying\onedrive\oop\fifth3\fifth3\debug\mainfrm.obj
d:\users\yying\onedrive\oop\fifth3\fifth3\debug\maindlg.obj
d:\users\yying\onedrive\oop\fifth3\debug\fifth3.ilk
d:\users\yying\onedrive\oop\fifth3\debug\fifth3.exe
d:\users\yying\onedrive\oop\fifth3\debug\fifth3.pdb
d:\users\yying\onedrive\oop\fifth3\fifth3\debug\fifth3.res
d:\users\yying\onedrive\oop\fifth3\fifth3\debug\fifth3.tlog\cl.command.1.tlog
d:\users\yying\onedrive\oop\fifth3\fifth3\debug\fifth3.tlog\cl.read.1.tlog
d:\users\yying\onedrive\oop\fifth3\fifth3\debug\fifth3.tlog\cl.write.1.tlog
d:\users\yying\onedrive\oop\fifth3\fifth3\debug\fifth3.tlog\link.command.1.tlog
d:\users\yying\onedrive\oop\fifth3\fifth3\debug\fifth3.tlog\link.read.1.tlog
d:\users\yying\onedrive\oop\fifth3\fifth3\debug\fifth3.tlog\link.write.1.tlog
d:\users\yying\onedrive\oop\fifth3\fifth3\debug\fifth3.tlog\rc.command.1.tlog
d:\users\yying\onedrive\oop\fifth3\fifth3\debug\fifth3.tlog\rc.read.1.tlog
d:\users\yying\onedrive\oop\fifth3\fifth3\debug\fifth3.tlog\rc.write.1.tlog
