生成启动时间为 2015/11/26 20:35:56。
     1>项目“D:\Users\yying\OneDrive\OOP\fifth3\fifth3\fifth3.vcxproj”在节点 2 上(Build 个目标)。
     1>ClCompile:
         D:\Program Files (x86)\Microsoft Visual Studio 12.0\VC\bin\CL.exe /c /ZI /nologo /W3 /WX- /sdl /Od /Oy- /D WIN32 /D _WINDOWS /D _DEBUG /D _UNICODE /D UNICODE /Gm /EHsc /RTC1 /MTd /GS /fp:precise /Zc:wchar_t /Zc:forScope /Yu"stdafx.h" /Fp"Debug\fifth3.pch" /Fo"Debug\\" /Fd"Debug\vc120.pdb" /Gd /TP /analyze- /errorReport:prompt MainDlg.cpp
         MainDlg.cpp
     1>d:\users\yying\onedrive\oop\fifth3\fifth3\maindlg.cpp(77): warning C4244: “=”: 从“double”转换到“float”，可能丢失数据
     1>d:\users\yying\onedrive\oop\fifth3\fifth3\maindlg.cpp(78): warning C4244: “=”: 从“double”转换到“float”，可能丢失数据
     1>d:\users\yying\onedrive\oop\fifth3\fifth3\maindlg.cpp(79): warning C4244: “=”: 从“double”转换到“float”，可能丢失数据
     1>d:\users\yying\onedrive\oop\fifth3\fifth3\maindlg.cpp(91): warning C4244: “参数”: 从“float”转换到“int”，可能丢失数据
     1>d:\users\yying\onedrive\oop\fifth3\fifth3\maindlg.cpp(98): warning C4244: “=”: 从“double”转换到“float”，可能丢失数据
     1>d:\users\yying\onedrive\oop\fifth3\fifth3\maindlg.cpp(99): warning C4244: “=”: 从“double”转换到“float”，可能丢失数据
     1>d:\users\yying\onedrive\oop\fifth3\fifth3\maindlg.cpp(100): warning C4244: “=”: 从“double”转换到“float”，可能丢失数据
     1>d:\users\yying\onedrive\oop\fifth3\fifth3\maindlg.cpp(112): warning C4244: “参数”: 从“float”转换到“int”，可能丢失数据
     1>d:\users\yying\onedrive\oop\fifth3\fifth3\maindlg.cpp(119): warning C4244: “=”: 从“double”转换到“float”，可能丢失数据
     1>d:\users\yying\onedrive\oop\fifth3\fifth3\maindlg.cpp(120): warning C4244: “=”: 从“double”转换到“float”，可能丢失数据
     1>d:\users\yying\onedrive\oop\fifth3\fifth3\maindlg.cpp(121): warning C4244: “=”: 从“double”转换到“float”，可能丢失数据
     1>d:\users\yying\onedrive\oop\fifth3\fifth3\maindlg.cpp(133): warning C4244: “参数”: 从“float”转换到“int”，可能丢失数据
     1>d:\users\yying\onedrive\oop\fifth3\fifth3\maindlg.cpp(153): warning C4244: “=”: 从“double”转换到“float”，可能丢失数据
     1>d:\users\yying\onedrive\oop\fifth3\fifth3\maindlg.cpp(154): warning C4244: “=”: 从“double”转换到“float”，可能丢失数据
     1>d:\users\yying\onedrive\oop\fifth3\fifth3\maindlg.cpp(155): warning C4244: “=”: 从“double”转换到“float”，可能丢失数据
       Link:
         D:\Program Files (x86)\Microsoft Visual Studio 12.0\VC\bin\link.exe /ERRORREPORT:PROMPT /OUT:"D:\Users\yying\OneDrive\OOP\fifth3\Debug\fifth3.exe" /INCREMENTAL /NOLOGO /MANIFEST /MANIFESTUAC:"level='asInvoker' uiAccess='false'" /manifest:embed /manifestinput:"D:\Program Files (x86)\Microsoft Visual Studio 12.0\VC\Include\Manifest\dpiaware.manifest" /DEBUG /PDB:"D:\Users\yying\OneDrive\OOP\fifth3\Debug\fifth3.pdb" /SUBSYSTEM:WINDOWS /TLBID:1 /ENTRY:"wWinMainCRTStartup" /DYNAMICBASE /NXCOMPAT /IMPLIB:"D:\Users\yying\OneDrive\OOP\fifth3\Debug\fifth3.lib" /MACHINE:X86 Debug\fifth3.res
         Debug\ChildView.obj
         Debug\fifth3.obj
         Debug\MainDlg.obj
         Debug\MainFrm.obj
         Debug\stdafx.obj
         fifth3.vcxproj -> D:\Users\yying\OneDrive\OOP\fifth3\Debug\fifth3.exe
     1>已完成生成项目“D:\Users\yying\OneDrive\OOP\fifth3\fifth3\fifth3.vcxproj”(Build 个目标)的操作。

生成成功。

已用时间 00:00:00.62
