生成启动时间为 2015/10/30 20:10:10。
     1>项目“D:\Users\yying\OneDrive\OOP\forth\forth\forth.vcxproj”在节点 2 上(Build 个目标)。
     1>ClCompile:
         D:\Program Files (x86)\Microsoft Visual Studio 12.0\VC\bin\CL.exe /c /ZI /nologo /W3 /WX- /sdl /Od /Oy- /D WIN32 /D _DEBUG /D _CONSOLE /D _LIB /D _UNICODE /D UNICODE /Gm /EHsc /RTC1 /MDd /GS /fp:precise /Zc:wchar_t /Zc:forScope /Yc"stdafx.h" /Fp"Debug\forth.pch" /Fo"Debug\\" /Fd"Debug\vc120.pdb" /Gd /TP /analyze- /errorReport:prompt stdafx.cpp
         stdafx.cpp
         D:\Program Files (x86)\Microsoft Visual Studio 12.0\VC\bin\CL.exe /c /ZI /nologo /W3 /WX- /sdl /Od /Oy- /D WIN32 /D _DEBUG /D _CONSOLE /D _LIB /D _UNICODE /D UNICODE /Gm /EHsc /RTC1 /MDd /GS /fp:precise /Zc:wchar_t /Zc:forScope /Yu"stdafx.h" /Fp"Debug\forth.pch" /Fo"Debug\\" /Fd"Debug\vc120.pdb" /Gd /TP /analyze- /errorReport:prompt classes.cpp forth.cpp mylist.cpp
         mylist.cpp
         forth.cpp
     1>d:\users\yying\onedrive\oop\forth\forth\forth.cpp(55): warning C4244: “=”: 从“float”转换到“int”，可能丢失数据
     1>d:\users\yying\onedrive\oop\forth\forth\forth.cpp(122): error C2039: “x”: 不是“Figure”的成员
                 d:\users\yying\onedrive\oop\forth\forth\forth.cpp(12) : 参见“Figure”的声明
     1>d:\users\yying\onedrive\oop\forth\forth\forth.cpp(122): error C2039: “y”: 不是“Figure”的成员
                 d:\users\yying\onedrive\oop\forth\forth\forth.cpp(12) : 参见“Figure”的声明
     1>d:\users\yying\onedrive\oop\forth\forth\forth.cpp(122): error C2039: “d”: 不是“Figure”的成员
                 d:\users\yying\onedrive\oop\forth\forth\forth.cpp(12) : 参见“Figure”的声明
     1>d:\users\yying\onedrive\oop\forth\forth\forth.cpp(122): error C2660: “circle”: 函数不接受 1 个参数
     1>d:\users\yying\onedrive\oop\forth\forth\forth.cpp(140): warning C4244: “参数”: 从“int”转换到“float”，可能丢失数据
     1>d:\users\yying\onedrive\oop\forth\forth\forth.cpp(140): warning C4244: “参数”: 从“double”转换到“float”，可能丢失数据
     1>d:\users\yying\onedrive\oop\forth\forth\forth.cpp(141): warning C4244: “参数”: 从“int”转换到“float”，可能丢失数据
     1>d:\users\yying\onedrive\oop\forth\forth\forth.cpp(142): warning C4244: “参数”: 从“int”转换到“float”，可能丢失数据
     1>d:\users\yying\onedrive\oop\forth\forth\forth.cpp(142): warning C4244: “参数”: 从“double”转换到“float”，可能丢失数据
     1>d:\users\yying\onedrive\oop\forth\forth\forth.cpp(177): warning C4244: “参数”: 从“float”转换到“int”，可能丢失数据
     1>d:\users\yying\onedrive\oop\forth\forth\forth.cpp(194): warning C4244: “参数”: 从“float”转换到“int”，可能丢失数据
     1>d:\users\yying\onedrive\oop\forth\forth\forth.cpp(195): warning C4244: “参数”: 从“float”转换到“int”，可能丢失数据
     1>d:\users\yying\onedrive\oop\forth\forth\forth.cpp(196): warning C4244: “参数”: 从“float”转换到“int”，可能丢失数据
     1>d:\users\yying\onedrive\oop\forth\forth\forth.cpp(197): warning C4244: “参数”: 从“float”转换到“int”，可能丢失数据
     1>d:\users\yying\onedrive\oop\forth\forth\forth.cpp(197): warning C4244: “参数”: 从“double”转换到“int”，可能丢失数据
     1>d:\users\yying\onedrive\oop\forth\forth\forth.cpp(198): warning C4244: “参数”: 从“float”转换到“int”，可能丢失数据
     1>d:\users\yying\onedrive\oop\forth\forth\forth.cpp(198): warning C4244: “参数”: 从“double”转换到“int”，可能丢失数据
     1>d:\users\yying\onedrive\oop\forth\forth\forth.cpp(199): warning C4244: “参数”: 从“float”转换到“int”，可能丢失数据
     1>d:\users\yying\onedrive\oop\forth\forth\forth.cpp(199): warning C4244: “参数”: 从“double”转换到“int”，可能丢失数据
     1>d:\users\yying\onedrive\oop\forth\forth\forth.cpp(200): warning C4244: “参数”: 从“float”转换到“int”，可能丢失数据
         classes.cpp
         正在生成代码...
     1>已完成生成项目“D:\Users\yying\OneDrive\OOP\forth\forth\forth.vcxproj”(Build 个目标)的操作 - 失败。

生成失败。

已用时间 00:00:02.35
