生成启动时间为 2015/11/25 12:54:01。
     1>项目“F:\OneDrive\OOP\forth\forth\forth.vcxproj”在节点 2 上(Build 个目标)。
     1>D:\Program Files (x86)\MSBuild\Microsoft.Cpp\v4.0\V120\Microsoft.CppBuild.targets(381,5): warning MSB8028: The intermediate directory (Debug\) contains files shared from another project (forth-yy-pc.vcxproj).  This can lead to incorrect clean and rebuild behavior.
     1>ClCompile:
         C:\Microsoft Visual Studio 12.0\VC\bin\CL.exe /c /ZI /nologo /W3 /WX- /sdl /Od /Oy- /D WIN32 /D _DEBUG /D _CONSOLE /D _LIB /D _UNICODE /D UNICODE /Gm /EHsc /RTC1 /MDd /GS /fp:precise /Zc:wchar_t /Zc:forScope /Yu"stdafx.h" /Fp"Debug\forth.pch" /Fo"Debug\\" /Fd"Debug\vc120.pdb" /Gd /TP /analyze- /errorReport:prompt forth.cpp
         forth.cpp
     1>f:\onedrive\oop\forth\forth\forth.cpp(40): warning C4244: “参数”: 从“float”转换到“int”，可能丢失数据
     1>f:\onedrive\oop\forth\forth\forth.cpp(42): warning C4244: “参数”: 从“float”转换到“int”，可能丢失数据
     1>f:\onedrive\oop\forth\forth\forth.cpp(56): warning C4244: “=”: 从“float”转换到“int”，可能丢失数据
     1>f:\onedrive\oop\forth\forth\forth.cpp(159): warning C4244: “参数”: 从“int”转换到“float”，可能丢失数据
     1>f:\onedrive\oop\forth\forth\forth.cpp(159): warning C4244: “参数”: 从“double”转换到“float”，可能丢失数据
     1>f:\onedrive\oop\forth\forth\forth.cpp(161): warning C4244: “参数”: 从“int”转换到“float”，可能丢失数据
     1>f:\onedrive\oop\forth\forth\forth.cpp(163): warning C4244: “参数”: 从“int”转换到“float”，可能丢失数据
     1>f:\onedrive\oop\forth\forth\forth.cpp(163): warning C4244: “参数”: 从“double”转换到“float”，可能丢失数据
     1>f:\onedrive\oop\forth\forth\forth.cpp(165): warning C4244: “初始化”: 从“double”转换到“int”，可能丢失数据
     1>f:\onedrive\oop\forth\forth\forth.cpp(168): warning C4244: “初始化”: 从“double”转换到“int”，可能丢失数据
     1>f:\onedrive\oop\forth\forth\forth.cpp(171): warning C4244: “参数”: 从“int”转换到“float”，可能丢失数据
     1>f:\onedrive\oop\forth\forth\forth.cpp(171): warning C4244: “参数”: 从“double”转换到“float”，可能丢失数据
     1>f:\onedrive\oop\forth\forth\forth.cpp(194): warning C4244: “参数”: 从“int”转换到“float”，可能丢失数据
     1>f:\onedrive\oop\forth\forth\forth.cpp(194): warning C4244: “参数”: 从“double”转换到“float”，可能丢失数据
     1>f:\onedrive\oop\forth\forth\forth.cpp(196): warning C4244: “参数”: 从“int”转换到“float”，可能丢失数据
     1>f:\onedrive\oop\forth\forth\forth.cpp(198): warning C4244: “参数”: 从“int”转换到“float”，可能丢失数据
     1>f:\onedrive\oop\forth\forth\forth.cpp(198): warning C4244: “参数”: 从“double”转换到“float”，可能丢失数据
     1>f:\onedrive\oop\forth\forth\forth.cpp(200): warning C4244: “初始化”: 从“double”转换到“int”，可能丢失数据
     1>f:\onedrive\oop\forth\forth\forth.cpp(203): warning C4244: “初始化”: 从“double”转换到“int”，可能丢失数据
     1>f:\onedrive\oop\forth\forth\forth.cpp(206): warning C4244: “参数”: 从“int”转换到“float”，可能丢失数据
     1>f:\onedrive\oop\forth\forth\forth.cpp(206): warning C4244: “参数”: 从“double”转换到“float”，可能丢失数据
     1>f:\onedrive\oop\forth\forth\forth.cpp(240): warning C4244: “参数”: 从“int”转换到“float”，可能丢失数据
     1>f:\onedrive\oop\forth\forth\forth.cpp(242): warning C4244: “参数”: 从“int”转换到“float”，可能丢失数据
     1>f:\onedrive\oop\forth\forth\forth.cpp(244): warning C4244: “参数”: 从“int”转换到“float”，可能丢失数据
     1>f:\onedrive\oop\forth\forth\forth.cpp(246): warning C4244: “参数”: 从“int”转换到“float”，可能丢失数据
     1>f:\onedrive\oop\forth\forth\forth.cpp(246): warning C4244: “参数”: 从“double”转换到“float”，可能丢失数据
     1>f:\onedrive\oop\forth\forth\forth.cpp(248): warning C4244: “参数”: 从“int”转换到“float”，可能丢失数据
     1>f:\onedrive\oop\forth\forth\forth.cpp(248): warning C4244: “参数”: 从“double”转换到“float”，可能丢失数据
     1>f:\onedrive\oop\forth\forth\forth.cpp(250): warning C4244: “参数”: 从“int”转换到“float”，可能丢失数据
     1>f:\onedrive\oop\forth\forth\forth.cpp(250): warning C4244: “参数”: 从“double”转换到“float”，可能丢失数据
     1>f:\onedrive\oop\forth\forth\forth.cpp(252): warning C4244: “参数”: 从“int”转换到“float”，可能丢失数据
     1>f:\onedrive\oop\forth\forth\forth.cpp(277): warning C4244: “参数”: 从“int”转换到“float”，可能丢失数据
     1>f:\onedrive\oop\forth\forth\forth.cpp(279): warning C4244: “参数”: 从“int”转换到“float”，可能丢失数据
     1>f:\onedrive\oop\forth\forth\forth.cpp(281): warning C4244: “参数”: 从“int”转换到“float”，可能丢失数据
     1>f:\onedrive\oop\forth\forth\forth.cpp(283): warning C4244: “参数”: 从“int”转换到“float”，可能丢失数据
     1>f:\onedrive\oop\forth\forth\forth.cpp(283): warning C4244: “参数”: 从“double”转换到“float”，可能丢失数据
     1>f:\onedrive\oop\forth\forth\forth.cpp(285): warning C4244: “参数”: 从“int”转换到“float”，可能丢失数据
     1>f:\onedrive\oop\forth\forth\forth.cpp(285): warning C4244: “参数”: 从“double”转换到“float”，可能丢失数据
     1>f:\onedrive\oop\forth\forth\forth.cpp(287): warning C4244: “参数”: 从“int”转换到“float”，可能丢失数据
     1>f:\onedrive\oop\forth\forth\forth.cpp(287): warning C4244: “参数”: 从“double”转换到“float”，可能丢失数据
     1>f:\onedrive\oop\forth\forth\forth.cpp(289): warning C4244: “参数”: 从“int”转换到“float”，可能丢失数据
     1>f:\onedrive\oop\forth\forth\forth.cpp(321): warning C4244: “参数”: 从“float”转换到“int”，可能丢失数据
     1>f:\onedrive\oop\forth\forth\forth.cpp(322): warning C4244: “参数”: 从“float”转换到“int”，可能丢失数据
       Link:
         C:\Microsoft Visual Studio 12.0\VC\bin\link.exe /ERRORREPORT:PROMPT /OUT:"F:\OneDrive\OOP\forth\Debug\forth.exe" /INCREMENTAL /NOLOGO kernel32.lib user32.lib gdi32.lib winspool.lib comdlg32.lib advapi32.lib shell32.lib ole32.lib oleaut32.lib uuid.lib odbc32.lib odbccp32.lib /NODEFAULTLIB:wingdi.h /MANIFEST /MANIFESTUAC:"level='asInvoker' uiAccess='false'" /manifest:embed /DEBUG /PDB:"F:\OneDrive\OOP\forth\Debug\forth.pdb" /SUBSYSTEM:CONSOLE,"5.01" /TLBID:1 /DYNAMICBASE /NXCOMPAT /IMPLIB:"F:\OneDrive\OOP\forth\Debug\forth.lib" /MACHINE:X86 Debug\classes.obj
         Debug\forth.obj
         Debug\mylist.obj
         Debug\stdafx.obj
         forth.vcxproj -> F:\OneDrive\OOP\forth\Debug\forth.exe
     1>已完成生成项目“F:\OneDrive\OOP\forth\forth\forth.vcxproj”(Build 个目标)的操作。

生成成功。

已用时间 00:00:00.33
